Will is a human and is house broken!
Dennis is a dog and is house broken!
Phelps is a toad and is not house broken.
Hootie is a owl and is not house broken.
Vonni is a human and is house broken!
Will is a human and is house broken!
Dennis is a dog and is house broken!
Phelps is a toad and is not house broken.
Hootie is a owl and is not house broken.
Vonni is a human and is house broken!
Will is a human and is house broken!
Dennis is a dog and is house broken!
Phelps is a toad and is not house broken.
Hootie is a owl and is not house broken.
Vonni is a human and is house broken!
Will is a human and is house broken!
Dennis is a dog and is house broken!
Phelps is a toad and is not house broken.
Hootie is a owl and is not house broken.
Vonni is a human and is house broken!
Will is a human and is house broken!
Dennis is a dog and is house broken!
Phelps is a toad and is not house broken.
Hootie is a owl and is not house broken.
Vonni is a human and is house broken!
